<?xml version="1.0" encoding="UTF-8"?>
<testsuite xmlns:xsi="http://www.w3.org/2001/XMLSchema-instance" xsi:noNamespaceSchemaLocation="https://maven.apache.org/surefire/maven-surefire-plugin/xsd/surefire-test-report.xsd" version="3.0.2" name="it.uniupo.pissir.bitpub.matchservice.MatchmakingE2ETest" time="9.251" tests="1" errors="0" skipped="0" failures="0">
  <properties>
[...]
</properties>
  <testcase name="secondPlayerJoiningTransitionsLobbyToInProgress" classname="it.uniupo.pissir.bitpub.matchservice.MatchmakingE2ETest" time="0.703">
    <system-out><![CDATA[2026-07-09T22:27:36.158+02:00  INFO 23388 --- [match-service] [           main] t.c.s.AnnotationConfigContextLoaderUtils : Could not detect default configuration classes for test class [it.uniupo.pissir.bitpub.matchservice.MatchmakingE2ETest]: MatchmakingE2ETest does not declare any static, non-private, non-final, nested classes annotated with @Configuration.
2026-07-09T22:27:36.164+02:00  INFO 23388 --- [match-service] [           main] .b.t.c.SpringBootTestContextBootstrapper : Found @SpringBootConfiguration it.uniupo.pissir.bitpub.matchservice.MatchServiceApplication for test class it.uniupo.pissir.bitpub.matchservice.MatchmakingE2ETest
2026-07-09T22:27:36.194+02:00  INFO 23388 --- [match-service] [           main] org.testcontainers.images.PullPolicy     : Image pull policy will be performed by: DefaultPullPolicy()
2026-07-09T22:27:36.194+02:00  INFO 23388 --- [match-service] [           main] o.t.utility.ImageNameSubstitutor         : Image name substitution will be performed by: DefaultImageNameSubstitutor (composite of 'ConfigurationFileImageNameSubstitutor' and 'PrefixingImageNameSubstitutor')
2026-07-09T22:27:36.747+02:00  INFO 23388 --- [match-service] [           main] o.t.d.DockerClientProviderStrategy       : Found Docker environment with Environment variables, system properties and defaults. Resolved dockerHost=tcp://localhost:2375
2026-07-09T22:27:36.747+02:00  INFO 23388 --- [match-service] [           main] org.testcontainers.DockerClientFactory   : Docker host IP address is localhost
2026-07-09T22:27:36.772+02:00  INFO 23388 --- [match-service] [           main] org.testcontainers.DockerClientFactory   : Connected to docker: 
  Server Version: 29.6.1
  API Version: 1.55
  Operating System: Docker Desktop
  Total Memory: 7874 MB
2026-07-09T22:27:36.901+02:00  INFO 23388 --- [match-service] [           main] tc.testcontainers/ryuk:0.6.0             : Creating container for image: testcontainers/ryuk:0.6.0
2026-07-09T22:27:37.281+02:00  INFO 23388 --- [match-service] [           main] tc.testcontainers/ryuk:0.6.0             : Container testcontainers/ryuk:0.6.0 is starting: 4fc3b97829733316ea1672639cdf7d6c2e4afd24040451646957a78cb2936b69
2026-07-09T22:27:37.934+02:00  INFO 23388 --- [match-service] [           main] tc.testcontainers/ryuk:0.6.0             : Container testcontainers/ryuk:0.6.0 started in PT1.0330596S
2026-07-09T22:27:37.943+02:00  INFO 23388 --- [match-service] [           main] o.t.utility.RyukResourceReaper           : Ryuk started - will monitor and terminate Testcontainers containers on JVM exit
2026-07-09T22:27:37.943+02:00  INFO 23388 --- [match-service] [           main] org.testcontainers.DockerClientFactory   : Checking the system...
2026-07-09T22:27:37.944+02:00  INFO 23388 --- [match-service] [           main] org.testcontainers.DockerClientFactory   : ✔︎ Docker server version should be at least 1.6.0
2026-07-09T22:27:37.945+02:00  INFO 23388 --- [match-service] [           main] tc.postgres:15-alpine                    : Creating container for image: postgres:15-alpine
2026-07-09T22:27:38.079+02:00  INFO 23388 --- [match-service] [           main] tc.postgres:15-alpine                    : Container postgres:15-alpine is starting: 8240dc0395fa8b97e412ddbf83a1fabdb5e2936b3d7948af15aac66735d2354d
2026-07-09T22:27:40.385+02:00  INFO 23388 --- [match-service] [           main] tc.postgres:15-alpine                    : Container postgres:15-alpine started in PT2.4398574S
2026-07-09T22:27:40.386+02:00  INFO 23388 --- [match-service] [           main] tc.postgres:15-alpine                    : Container is started (JDBC URL: jdbc:postgresql://localhost:65439/test?loggerLevel=OFF)

  .   ____          _            __ _ _
 /\\ / ___'_ __ _ _(_)_ __  __ _ \ \ \ \
( ( )\___ | '_ | '_| | '_ \/ _` | \ \ \ \
 \\/  ___)| |_)| | | | | || (_| |  ) ) ) )
  '  |____| .__|_| |_|_| |_\__, | / / / /
 =========|_|==============|___/=/_/_/_/
 :: Spring Boot ::                (v3.2.4)

2026-07-09T22:27:40.441+02:00  INFO 23388 --- [match-service] [           main] i.u.p.b.matchservice.MatchmakingE2ETest  : Starting MatchmakingE2ETest using Java 21.0.11 with PID 23388 (started by DeaDS in C:\Users\DeaDS\Documents\Programming projects\BitPub\BitPub-Cloud\match-service)
2026-07-09T22:27:40.441+02:00  INFO 23388 --- [match-service] [           main] i.u.p.b.matchservice.MatchmakingE2ETest  : No active profile set, falling back to 1 default profile: "default"
2026-07-09T22:27:40.750+02:00  INFO 23388 --- [match-service] [           main] .s.d.r.c.RepositoryConfigurationDelegate : Bootstrapping Spring Data JPA repositories in DEFAULT mode.
2026-07-09T22:27:40.801+02:00  INFO 23388 --- [match-service] [           main] .s.d.r.c.RepositoryConfigurationDelegate : Finished Spring Data repository scanning in 41 ms. Found 3 JPA repository interfaces.
2026-07-09T22:27:40.934+02:00  INFO 23388 --- [match-service] [           main] faultConfiguringBeanFactoryPostProcessor : No bean named 'errorChannel' has been explicitly defined. Therefore, a default PublishSubscribeChannel will be created.
2026-07-09T22:27:40.944+02:00  INFO 23388 --- [match-service] [           main] faultConfiguringBeanFactoryPostProcessor : No bean named 'integrationHeaderChannelRegistry' has been explicitly defined. Therefore, a default DefaultHeaderChannelRegistry will be created.
2026-07-09T22:27:41.377+02:00  INFO 23388 --- [match-service] [           main] o.s.b.w.embedded.tomcat.TomcatWebServer  : Tomcat initialized with port 0 (http)
2026-07-09T22:27:41.398+02:00  INFO 23388 --- [match-service] [           main] o.apache.catalina.core.StandardService   : Starting service [Tomcat]
2026-07-09T22:27:41.398+02:00  INFO 23388 --- [match-service] [           main] o.apache.catalina.core.StandardEngine    : Starting Servlet engine: [Apache Tomcat/10.1.19]
2026-07-09T22:27:41.460+02:00  INFO 23388 --- [match-service] [           main] o.a.c.c.C.[Tomcat].[localhost].[/]       : Initializing Spring embedded WebApplicationContext
2026-07-09T22:27:41.460+02:00  INFO 23388 --- [match-service] [           main] w.s.c.ServletWebServerApplicationContext : Root WebApplicationContext: initialization completed in 1017 ms
2026-07-09T22:27:41.648+02:00  INFO 23388 --- [match-service] [           main] o.hibernate.jpa.internal.util.LogHelper  : HHH000204: Processing PersistenceUnitInfo [name: default]
2026-07-09T22:27:41.741+02:00  INFO 23388 --- [match-service] [           main] org.hibernate.Version                    : HHH000412: Hibernate ORM core version 6.4.4.Final
2026-07-09T22:27:41.774+02:00  INFO 23388 --- [match-service] [           main] o.h.c.internal.RegionFactoryInitiator    : HHH000026: Second-level cache disabled
2026-07-09T22:27:41.885+02:00  INFO 23388 --- [match-service] [           main] o.s.o.j.p.SpringPersistenceUnitInfo      : No LoadTimeWeaver setup: ignoring JPA class transformer
2026-07-09T22:27:41.910+02:00  INFO 23388 --- [match-service] [           main] com.zaxxer.hikari.HikariDataSource       : HikariPool-1 - Starting...
2026-07-09T22:27:42.085+02:00  INFO 23388 --- [match-service] [           main] com.zaxxer.hikari.pool.HikariPool        : HikariPool-1 - Added connection org.postgresql.jdbc.PgConnection@3a4181ba
2026-07-09T22:27:42.087+02:00  INFO 23388 --- [match-service] [           main] com.zaxxer.hikari.HikariDataSource       : HikariPool-1 - Start completed.
2026-07-09T22:27:43.207+02:00  INFO 23388 --- [match-service] [           main] o.h.e.t.j.p.i.JtaPlatformInitiator       : HHH000489: No JTA platform available (set 'hibernate.transaction.jta.platform' to enable JTA platform integration)
2026-07-09T22:27:43.282+02:00  WARN 23388 --- [match-service] [           main] o.h.engine.jdbc.spi.SqlExceptionHelper   : SQL Warning Code: 0, SQLState: 00000
2026-07-09T22:27:43.282+02:00  WARN 23388 --- [match-service] [           main] o.h.engine.jdbc.spi.SqlExceptionHelper   : constraint "uk_kfyu4dlswg89rfy0eme2dwwx0" of relation "sensor_event_logs" does not exist, skipping
2026-07-09T22:27:43.294+02:00  INFO 23388 --- [match-service] [           main] j.LocalContainerEntityManagerFactoryBean : Initialized JPA EntityManagerFactory for persistence unit 'default'
2026-07-09T22:27:44.204+02:00  INFO 23388 --- [match-service] [           main] o.s.i.endpoint.EventDrivenConsumer       : Adding {logging-channel-adapter:_org.springframework.integration.errorLogger} as a subscriber to the 'errorChannel' channel
2026-07-09T22:27:44.205+02:00  INFO 23388 --- [match-service] [           main] o.s.i.channel.PublishSubscribeChannel    : Channel 'match-service.errorChannel' has 1 subscriber(s).
2026-07-09T22:27:44.206+02:00  INFO 23388 --- [match-service] [           main] o.s.i.endpoint.EventDrivenConsumer       : started bean '_org.springframework.integration.errorLogger'
2026-07-09T22:27:44.206+02:00  INFO 23388 --- [match-service] [           main] o.s.i.endpoint.EventDrivenConsumer       : Adding {message-handler:mqttOutbound.serviceActivator} as a subscriber to the 'mqttOutboundChannel' channel
2026-07-09T22:27:44.207+02:00  INFO 23388 --- [match-service] [           main] o.s.integration.channel.DirectChannel    : Channel 'match-service.mqttOutboundChannel' has 1 subscriber(s).
2026-07-09T22:27:44.207+02:00  INFO 23388 --- [match-service] [           main] o.s.i.endpoint.EventDrivenConsumer       : started bean 'mqttOutbound.serviceActivator'
2026-07-09T22:27:44.207+02:00  INFO 23388 --- [match-service] [           main] o.s.i.endpoint.EventDrivenConsumer       : Adding {service-activator:commandIngestListener.onMatchResult.serviceActivator} as a subscriber to the 'mqttMatchResultInboundChannel' channel
2026-07-09T22:27:44.207+02:00  INFO 23388 --- [match-service] [           main] o.s.integration.channel.DirectChannel    : Channel 'match-service.mqttMatchResultInboundChannel' has 1 subscriber(s).
2026-07-09T22:27:44.209+02:00  INFO 23388 --- [match-service] [           main] o.s.i.endpoint.EventDrivenConsumer       : started bean 'commandIngestListener.onMatchResult.serviceActivator'
2026-07-09T22:27:44.209+02:00  INFO 23388 --- [match-service] [           main] o.s.i.endpoint.EventDrivenConsumer       : Adding {service-activator:commandIngestListener.onGameAction.serviceActivator} as a subscriber to the 'mqttCommandInboundChannel' channel
2026-07-09T22:27:44.209+02:00  INFO 23388 --- [match-service] [           main] o.s.integration.channel.DirectChannel    : Channel 'match-service.mqttCommandInboundChannel' has 1 subscriber(s).
2026-07-09T22:27:44.209+02:00  INFO 23388 --- [match-service] [           main] o.s.i.endpoint.EventDrivenConsumer       : started bean 'commandIngestListener.onGameAction.serviceActivator'
2026-07-09T22:27:44.209+02:00  INFO 23388 --- [match-service] [           main] o.s.i.endpoint.EventDrivenConsumer       : Adding {service-activator:sensorIngestListener.onSensorEvent.serviceActivator} as a subscriber to the 'mqttInboundChannel' channel
2026-07-09T22:27:44.210+02:00  INFO 23388 --- [match-service] [           main] o.s.integration.channel.DirectChannel    : Channel 'match-service.mqttInboundChannel' has 1 subscriber(s).
2026-07-09T22:27:44.210+02:00  INFO 23388 --- [match-service] [           main] o.s.i.endpoint.EventDrivenConsumer       : started bean 'sensorIngestListener.onSensorEvent.serviceActivator'
2026-07-09T22:27:44.255+02:00  INFO 23388 --- [match-service] [           main] .m.i.MqttPahoMessageDrivenChannelAdapter : started bean 'mqttInbound'; defined in: 'class path resource [it/uniupo/pissir/bitpub/matchservice/config/MqttConfig.class]'; from source: 'it.uniupo.pissir.bitpub.matchservice.config.MqttConfig.mqttInbound()'
2026-07-09T22:27:44.258+02:00  INFO 23388 --- [match-service] [           main] .m.i.MqttPahoMessageDrivenChannelAdapter : started bean 'mqttCommandInbound'; defined in: 'class path resource [it/uniupo/pissir/bitpub/matchservice/config/MqttConfig.class]'; from source: 'it.uniupo.pissir.bitpub.matchservice.config.MqttConfig.mqttCommandInbound()'
2026-07-09T22:27:44.259+02:00  INFO 23388 --- [match-service] [           main] .m.i.MqttPahoMessageDrivenChannelAdapter : started bean 'mqttMatchResultInbound'; defined in: 'class path resource [it/uniupo/pissir/bitpub/matchservice/config/MqttConfig.class]'; from source: 'it.uniupo.pissir.bitpub.matchservice.config.MqttConfig.mqttMatchResultInbound()'
2026-07-09T22:27:44.272+02:00  INFO 23388 --- [match-service] [           main] o.s.b.w.embedded.tomcat.TomcatWebServer  : Tomcat started on port 65460 (http) with context path ''
2026-07-09T22:27:44.278+02:00  INFO 23388 --- [match-service] [           main] i.u.p.b.matchservice.MatchmakingE2ETest  : Started MatchmakingE2ETest in 3.87 seconds (process running for 13.277)
2026-07-09T22:27:44.392+02:00  INFO 23388 --- [match-service] [o-auto-1-exec-1] o.a.c.c.C.[Tomcat].[localhost].[/]       : Initializing Spring DispatcherServlet 'dispatcherServlet'
2026-07-09T22:27:44.393+02:00  INFO 23388 --- [match-service] [o-auto-1-exec-1] o.s.web.servlet.DispatcherServlet        : Initializing Servlet 'dispatcherServlet'
2026-07-09T22:27:44.393+02:00  INFO 23388 --- [match-service] [o-auto-1-exec-1] o.s.web.servlet.DispatcherServlet        : Completed initialization in 0 ms
2026-07-09T22:27:44.823+02:00 ERROR 23388 --- [match-service] [o-auto-1-exec-1] i.u.p.b.m.service.impl.MatchServiceImpl  : Failed to publish GameStateDto

org.springframework.messaging.MessageHandlingException: error occurred in message handler [bean 'mqttOutbound'; defined in: 'class path resource [it/uniupo/pissir/bitpub/matchservice/config/MqttConfig.class]'; from source: 'it.uniupo.pissir.bitpub.matchservice.config.MqttConfig.mqttOutbound()']
	at org.springframework.integration.support.utils.IntegrationUtils.wrapInHandlingExceptionIfNecessary(IntegrationUtils.java:191) ~[spring-integration-core-6.2.3.jar:6.2.3]
	at org.springframework.integration.handler.AbstractMessageHandler.doHandleMessage(AbstractMessageHandler.java:108) ~[spring-integration-core-6.2.3.jar:6.2.3]
	at org.springframework.integration.handler.AbstractMessageHandler.handleMessage(AbstractMessageHandler.java:73) ~[spring-integration-core-6.2.3.jar:6.2.3]
	at org.springframework.integration.handler.ReplyProducingMessageHandlerWrapper.handleRequestMessage(ReplyProducingMessageHandlerWrapper.java:59) ~[spring-integration-core-6.2.3.jar:6.2.3]
	at org.springframework.integration.handler.AbstractReplyProducingMessageHandler.handleMessageInternal(AbstractReplyProducingMessageHandler.java:145) ~[spring-integration-core-6.2.3.jar:6.2.3]
	at org.springframework.integration.handler.AbstractMessageHandler.doHandleMessage(AbstractMessageHandler.java:105) ~[spring-integration-core-6.2.3.jar:6.2.3]
	at org.springframework.integration.handler.AbstractMessageHandler.handleMessage(AbstractMessageHandler.java:73) ~[spring-integration-core-6.2.3.jar:6.2.3]
	at org.springframework.integration.dispatcher.AbstractDispatcher.tryOptimizedDispatch(AbstractDispatcher.java:132) ~[spring-integration-core-6.2.3.jar:6.2.3]
	at org.springframework.integration.dispatcher.UnicastingDispatcher.doDispatch(UnicastingDispatcher.java:133) ~[spring-integration-core-6.2.3.jar:6.2.3]
	at org.springframework.integration.dispatcher.UnicastingDispatcher.dispatch(UnicastingDispatcher.java:106) ~[spring-integration-core-6.2.3.jar:6.2.3]
	at org.springframework.integration.channel.AbstractSubscribableChannel.doSend(AbstractSubscribableChannel.java:72) ~[spring-integration-core-6.2.3.jar:6.2.3]
	at org.springframework.integration.channel.AbstractMessageChannel.sendInternal(AbstractMessageChannel.java:378) ~[spring-integration-core-6.2.3.jar:6.2.3]
	at org.springframework.integration.channel.AbstractMessageChannel.send(AbstractMessageChannel.java:332) ~[spring-integration-core-6.2.3.jar:6.2.3]
	at org.springframework.integration.channel.AbstractMessageChannel.send(AbstractMessageChannel.java:302) ~[spring-integration-core-6.2.3.jar:6.2.3]
	at it.uniupo.pissir.bitpub.matchservice.service.impl.MatchServiceImpl.publishGameState(MatchServiceImpl.java:749) ~[classes/:na]
	at it.uniupo.pissir.bitpub.matchservice.service.impl.MatchServiceImpl.publishLobbyState(MatchServiceImpl.java:687) ~[classes/:na]
	at it.uniupo.pissir.bitpub.matchservice.service.impl.MatchServiceImpl.joinLobby(MatchServiceImpl.java:354) ~[classes/:na]
	at java.base/jdk.internal.reflect.DirectMethodHandleAccessor.invoke(DirectMethodHandleAccessor.java:103) ~[na:na]
	at java.base/java.lang.reflect.Method.invoke(Method.java:580) ~[na:na]
	at org.springframework.aop.support.AopUtils.invokeJoinpointUsingReflection(AopUtils.java:351) ~[spring-aop-6.1.5.jar:6.1.5]
	at org.springframework.aop.framework.ReflectiveMethodInvocation.invokeJoinpoint(ReflectiveMethodInvocation.java:196) ~[spring-aop-6.1.5.jar:6.1.5]
	at org.springframework.aop.framework.ReflectiveMethodInvocation.proceed(ReflectiveMethodInvocation.java:163) ~[spring-aop-6.1.5.jar:6.1.5]
	at org.springframework.aop.framework.CglibAopProxy$CglibMethodInvocation.proceed(CglibAopProxy.java:765) ~[spring-aop-6.1.5.jar:6.1.5]
	at org.springframework.transaction.interceptor.TransactionInterceptor$1.proceedWithInvocation(TransactionInterceptor.java:123) ~[spring-tx-6.1.5.jar:6.1.5]
	at org.springframework.transaction.interceptor.TransactionAspectSupport.invokeWithinTransaction(TransactionAspectSupport.java:392) ~[spring-tx-6.1.5.jar:6.1.5]
	at org.springframework.transaction.interceptor.TransactionInterceptor.invoke(TransactionInterceptor.java:119) ~[spring-tx-6.1.5.jar:6.1.5]
	at org.springframework.aop.framework.ReflectiveMethodInvocation.proceed(ReflectiveMethodInvocation.java:184) ~[spring-aop-6.1.5.jar:6.1.5]
	at org.springframework.aop.framework.CglibAopProxy$CglibMethodInvocation.proceed(CglibAopProxy.java:765) ~[spring-aop-6.1.5.jar:6.1.5]
	at org.springframework.aop.framework.CglibAopProxy$DynamicAdvisedInterceptor.intercept(CglibAopProxy.java:717) ~[spring-aop-6.1.5.jar:6.1.5]
	at it.uniupo.pissir.bitpub.matchservice.service.impl.MatchServiceImpl$$SpringCGLIB$$0.joinLobby(<generated>) ~[classes/:na]
	at it.uniupo.pissir.bitpub.matchservice.controller.MatchController.joinLobby(MatchController.java:75) ~[classes/:na]
	at java.base/jdk.internal.reflect.DirectMethodHandleAccessor.invoke(DirectMethodHandleAccessor.java:103) ~[na:na]
	at java.base/java.lang.reflect.Method.invoke(Method.java:580) ~[na:na]
	at org.springframework.web.method.support.InvocableHandlerMethod.doInvoke(InvocableHandlerMethod.java:255) ~[spring-web-6.1.5.jar:6.1.5]
	at org.springframework.web.method.support.InvocableHandlerMethod.invokeForRequest(InvocableHandlerMethod.java:188) ~[spring-web-6.1.5.jar:6.1.5]
	at org.springframework.web.servlet.mvc.method.annotation.ServletInvocableHandlerMethod.invokeAndHandle(ServletInvocableHandlerMethod.java:118) ~[spring-webmvc-6.1.5.jar:6.1.5]
	at org.springframework.web.servlet.mvc.method.annotation.RequestMappingHandlerAdapter.invokeHandlerMethod(RequestMappingHandlerAdapter.java:925) ~[spring-webmvc-6.1.5.jar:6.1.5]
	at org.springframework.web.servlet.mvc.method.annotation.RequestMappingHandlerAdapter.handleInternal(RequestMappingHandlerAdapter.java:830) ~[spring-webmvc-6.1.5.jar:6.1.5]
	at org.springframework.web.servlet.mvc.method.AbstractHandlerMethodAdapter.handle(AbstractHandlerMethodAdapter.java:87) ~[spring-webmvc-6.1.5.jar:6.1.5]
	at org.springframework.web.servlet.DispatcherServlet.doDispatch(DispatcherServlet.java:1089) ~[spring-webmvc-6.1.5.jar:6.1.5]
	at org.springframework.web.servlet.DispatcherServlet.doService(DispatcherServlet.java:979) ~[spring-webmvc-6.1.5.jar:6.1.5]
	at org.springframework.web.servlet.FrameworkServlet.processRequest(FrameworkServlet.java:1014) ~[spring-webmvc-6.1.5.jar:6.1.5]
	at org.springframework.web.servlet.FrameworkServlet.doPost(FrameworkServlet.java:914) ~[spring-webmvc-6.1.5.jar:6.1.5]
	at jakarta.servlet.http.HttpServlet.service(HttpServlet.java:590) ~[tomcat-embed-core-10.1.19.jar:6.0]
	at org.springframework.web.servlet.FrameworkServlet.service(FrameworkServlet.java:885) ~[spring-webmvc-6.1.5.jar:6.1.5]
	at jakarta.servlet.http.HttpServlet.service(HttpServlet.java:658) ~[tomcat-embed-core-10.1.19.jar:6.0]
	at org.apache.catalina.core.ApplicationFilterChain.internalDoFilter(ApplicationFilterChain.java:205) ~[tomcat-embed-core-10.1.19.jar:10.1.19]
	at org.apache.catalina.core.ApplicationFilterChain.doFilter(ApplicationFilterChain.java:149) ~[tomcat-embed-core-10.1.19.jar:10.1.19]
	at org.apache.tomcat.websocket.server.WsFilter.doFilter(WsFilter.java:51) ~[tomcat-embed-websocket-10.1.19.jar:10.1.19]
	at org.apache.catalina.core.ApplicationFilterChain.internalDoFilter(ApplicationFilterChain.java:174) ~[tomcat-embed-core-10.1.19.jar:10.1.19]
	at org.apache.catalina.core.ApplicationFilterChain.doFilter(ApplicationFilterChain.java:149) ~[tomcat-embed-core-10.1.19.jar:10.1.19]
	at org.springframework.web.filter.RequestContextFilter.doFilterInternal(RequestContextFilter.java:100) ~[spring-web-6.1.5.jar:6.1.5]
	at org.springframework.web.filter.OncePerRequestFilter.doFilter(OncePerRequestFilter.java:116) ~[spring-web-6.1.5.jar:6.1.5]
	at org.apache.catalina.core.ApplicationFilterChain.internalDoFilter(ApplicationFilterChain.java:174) ~[tomcat-embed-core-10.1.19.jar:10.1.19]
	at org.apache.catalina.core.ApplicationFilterChain.doFilter(ApplicationFilterChain.java:149) ~[tomcat-embed-core-10.1.19.jar:10.1.19]
	at org.springframework.web.filter.FormContentFilter.doFilterInternal(FormContentFilter.java:93) ~[spring-web-6.1.5.jar:6.1.5]
	at org.springframework.web.filter.OncePerRequestFilter.doFilter(OncePerRequestFilter.java:116) ~[spring-web-6.1.5.jar:6.1.5]
	at org.apache.catalina.core.ApplicationFilterChain.internalDoFilter(ApplicationFilterChain.java:174) ~[tomcat-embed-core-10.1.19.jar:10.1.19]
	at org.apache.catalina.core.ApplicationFilterChain.doFilter(ApplicationFilterChain.java:149) ~[tomcat-embed-core-10.1.19.jar:10.1.19]
	at org.springframework.web.filter.CharacterEncodingFilter.doFilterInternal(CharacterEncodingFilter.java:201) ~[spring-web-6.1.5.jar:6.1.5]
	at org.springframework.web.filter.OncePerRequestFilter.doFilter(OncePerRequestFilter.java:116) ~[spring-web-6.1.5.jar:6.1.5]
	at org.apache.catalina.core.ApplicationFilterChain.internalDoFilter(ApplicationFilterChain.java:174) ~[tomcat-embed-core-10.1.19.jar:10.1.19]
	at org.apache.catalina.core.ApplicationFilterChain.doFilter(ApplicationFilterChain.java:149) ~[tomcat-embed-core-10.1.19.jar:10.1.19]
	at org.apache.catalina.core.StandardWrapperValve.invoke(StandardWrapperValve.java:167) ~[tomcat-embed-core-10.1.19.jar:10.1.19]
	at org.apache.catalina.core.StandardContextValve.invoke(StandardContextValve.java:90) ~[tomcat-embed-core-10.1.19.jar:10.1.19]
	at org.apache.catalina.authenticator.AuthenticatorBase.invoke(AuthenticatorBase.java:482) ~[tomcat-embed-core-10.1.19.jar:10.1.19]
	at org.apache.catalina.core.StandardHostValve.invoke(StandardHostValve.java:115) ~[tomcat-embed-core-10.1.19.jar:10.1.19]
	at org.apache.catalina.valves.ErrorReportValve.invoke(ErrorReportValve.java:93) ~[tomcat-embed-core-10.1.19.jar:10.1.19]
	at org.apache.catalina.core.StandardEngineValve.invoke(StandardEngineValve.java:74) ~[tomcat-embed-core-10.1.19.jar:10.1.19]
	at org.apache.catalina.connector.CoyoteAdapter.service(CoyoteAdapter.java:344) ~[tomcat-embed-core-10.1.19.jar:10.1.19]
	at org.apache.coyote.http11.Http11Processor.service(Http11Processor.java:391) ~[tomcat-embed-core-10.1.19.jar:10.1.19]
	at org.apache.coyote.AbstractProcessorLight.process(AbstractProcessorLight.java:63) ~[tomcat-embed-core-10.1.19.jar:10.1.19]
	at org.apache.coyote.AbstractProtocol$ConnectionHandler.process(AbstractProtocol.java:896) ~[tomcat-embed-core-10.1.19.jar:10.1.19]
	at org.apache.tomcat.util.net.NioEndpoint$SocketProcessor.doRun(NioEndpoint.java:1744) ~[tomcat-embed-core-10.1.19.jar:10.1.19]
	at org.apache.tomcat.util.net.SocketProcessorBase.run(SocketProcessorBase.java:52) ~[tomcat-embed-core-10.1.19.jar:10.1.19]
	at org.apache.tomcat.util.threads.ThreadPoolExecutor.runWorker(ThreadPoolExecutor.java:1191) ~[tomcat-embed-core-10.1.19.jar:10.1.19]
	at org.apache.tomcat.util.threads.ThreadPoolExecutor$Worker.run(ThreadPoolExecutor.java:659) ~[tomcat-embed-core-10.1.19.jar:10.1.19]
	at org.apache.tomcat.util.threads.TaskThread$WrappingRunnable.run(TaskThread.java:63) ~[tomcat-embed-core-10.1.19.jar:10.1.19]
	at java.base/java.lang.Thread.run(Thread.java:1583) ~[na:na]
Caused by: org.springframework.messaging.MessagingException: Failed to connect
	at org.springframework.integration.mqtt.outbound.MqttPahoMessageHandler.checkConnection(MqttPahoMessageHandler.java:221) ~[spring-integration-mqtt-6.2.3.jar:6.2.3]
	at org.springframework.integration.mqtt.outbound.MqttPahoMessageHandler.publish(MqttPahoMessageHandler.java:235) ~[spring-integration-mqtt-6.2.3.jar:6.2.3]
	at org.springframework.integration.mqtt.outbound.AbstractMqttMessageHandler.handleMessageInternal(AbstractMqttMessageHandler.java:372) ~[spring-integration-mqtt-6.2.3.jar:6.2.3]
	at org.springframework.integration.handler.AbstractMessageHandler.doHandleMessage(AbstractMessageHandler.java:105) ~[spring-integration-core-6.2.3.jar:6.2.3]
	... 77 common frames omitted
Caused by: org.eclipse.paho.client.mqttv3.MqttException: Impossibile effettuare la connessione al server
	at org.eclipse.paho.client.mqttv3.internal.TCPNetworkModule.start(TCPNetworkModule.java:80) ~[org.eclipse.paho.client.mqttv3-1.2.5.jar:na]
	at org.eclipse.paho.client.mqttv3.internal.ClientComms$ConnectBG.run(ClientComms.java:724) ~[org.eclipse.paho.client.mqttv3-1.2.5.jar:na]
	... 1 common frames omitted
Caused by: java.net.ConnectException: Connection refused: getsockopt
	at java.base/sun.nio.ch.Net.pollConnect(Native Method) ~[na:na]
	at java.base/sun.nio.ch.Net.pollConnectNow(Net.java:690) ~[na:na]
	at java.base/sun.nio.ch.NioSocketImpl.timedFinishConnect(NioSocketImpl.java:542) ~[na:na]
	at java.base/sun.nio.ch.NioSocketImpl.connect(NioSocketImpl.java:592) ~[na:na]
	at java.base/java.net.SocksSocketImpl.connect(SocksSocketImpl.java:327) ~[na:na]
	at java.base/java.net.Socket.connect(Socket.java:751) ~[na:na]
	at org.eclipse.paho.client.mqttv3.internal.TCPNetworkModule.start(TCPNetworkModule.java:74) ~[org.eclipse.paho.client.mqttv3-1.2.5.jar:na]
	... 2 common frames omitted

2026-07-09T22:27:44.828+02:00  INFO 23388 --- [match-service] [o-auto-1-exec-1] i.u.p.b.m.service.impl.MatchServiceImpl  : Lobby dd842f52-a3aa-4eb7-b12c-640d0fc34438 created WAITING_FOR_PLAYERS by alice on gameInstanceId gi-e2e-1
2026-07-09T22:27:44.938+02:00 ERROR 23388 --- [match-service] [o-auto-1-exec-2] i.u.p.b.m.service.impl.MatchServiceImpl  : Failed to publish GameStateDto

org.springframework.messaging.MessageHandlingException: error occurred in message handler [bean 'mqttOutbound'; defined in: 'class path resource [it/uniupo/pissir/bitpub/matchservice/config/MqttConfig.class]'; from source: 'it.uniupo.pissir.bitpub.matchservice.config.MqttConfig.mqttOutbound()']
	at org.springframework.integration.support.utils.IntegrationUtils.wrapInHandlingExceptionIfNecessary(IntegrationUtils.java:191) ~[spring-integration-core-6.2.3.jar:6.2.3]
	at org.springframework.integration.handler.AbstractMessageHandler.doHandleMessage(AbstractMessageHandler.java:108) ~[spring-integration-core-6.2.3.jar:6.2.3]
	at org.springframework.integration.handler.AbstractMessageHandler.handleMessage(AbstractMessageHandler.java:73) ~[spring-integration-core-6.2.3.jar:6.2.3]
	at org.springframework.integration.handler.ReplyProducingMessageHandlerWrapper.handleRequestMessage(ReplyProducingMessageHandlerWrapper.java:59) ~[spring-integration-core-6.2.3.jar:6.2.3]
	at org.springframework.integration.handler.AbstractReplyProducingMessageHandler.handleMessageInternal(AbstractReplyProducingMessageHandler.java:145) ~[spring-integration-core-6.2.3.jar:6.2.3]
	at org.springframework.integration.handler.AbstractMessageHandler.doHandleMessage(AbstractMessageHandler.java:105) ~[spring-integration-core-6.2.3.jar:6.2.3]
	at org.springframework.integration.handler.AbstractMessageHandler.handleMessage(AbstractMessageHandler.java:73) ~[spring-integration-core-6.2.3.jar:6.2.3]
	at org.springframework.integration.dispatcher.AbstractDispatcher.tryOptimizedDispatch(AbstractDispatcher.java:132) ~[spring-integration-core-6.2.3.jar:6.2.3]
	at org.springframework.integration.dispatcher.UnicastingDispatcher.doDispatch(UnicastingDispatcher.java:133) ~[spring-integration-core-6.2.3.jar:6.2.3]
	at org.springframework.integration.dispatcher.UnicastingDispatcher.dispatch(UnicastingDispatcher.java:106) ~[spring-integration-core-6.2.3.jar:6.2.3]
	at org.springframework.integration.channel.AbstractSubscribableChannel.doSend(AbstractSubscribableChannel.java:72) ~[spring-integration-core-6.2.3.jar:6.2.3]
	at org.springframework.integration.channel.AbstractMessageChannel.sendInternal(AbstractMessageChannel.java:378) ~[spring-integration-core-6.2.3.jar:6.2.3]
	at org.springframework.integration.channel.AbstractMessageChannel.send(AbstractMessageChannel.java:332) ~[spring-integration-core-6.2.3.jar:6.2.3]
	at org.springframework.integration.channel.AbstractMessageChannel.send(AbstractMessageChannel.java:302) ~[spring-integration-core-6.2.3.jar:6.2.3]
	at it.uniupo.pissir.bitpub.matchservice.service.impl.MatchServiceImpl.publishGameState(MatchServiceImpl.java:749) ~[classes/:na]
	at it.uniupo.pissir.bitpub.matchservice.service.impl.MatchServiceImpl.publishLobbyState(MatchServiceImpl.java:687) ~[classes/:na]
	at it.uniupo.pissir.bitpub.matchservice.service.impl.MatchServiceImpl.joinLobby(MatchServiceImpl.java:316) ~[classes/:na]
	at java.base/jdk.internal.reflect.DirectMethodHandleAccessor.invoke(DirectMethodHandleAccessor.java:103) ~[na:na]
	at java.base/java.lang.reflect.Method.invoke(Method.java:580) ~[na:na]
	at org.springframework.aop.support.AopUtils.invokeJoinpointUsingReflection(AopUtils.java:351) ~[spring-aop-6.1.5.jar:6.1.5]
	at org.springframework.aop.framework.ReflectiveMethodInvocation.invokeJoinpoint(ReflectiveMethodInvocation.java:196) ~[spring-aop-6.1.5.jar:6.1.5]
	at org.springframework.aop.framework.ReflectiveMethodInvocation.proceed(ReflectiveMethodInvocation.java:163) ~[spring-aop-6.1.5.jar:6.1.5]
	at org.springframework.aop.framework.CglibAopProxy$CglibMethodInvocation.proceed(CglibAopProxy.java:765) ~[spring-aop-6.1.5.jar:6.1.5]
	at org.springframework.transaction.interceptor.TransactionInterceptor$1.proceedWithInvocation(TransactionInterceptor.java:123) ~[spring-tx-6.1.5.jar:6.1.5]
	at org.springframework.transaction.interceptor.TransactionAspectSupport.invokeWithinTransaction(TransactionAspectSupport.java:392) ~[spring-tx-6.1.5.jar:6.1.5]
	at org.springframework.transaction.interceptor.TransactionInterceptor.invoke(TransactionInterceptor.java:119) ~[spring-tx-6.1.5.jar:6.1.5]
	at org.springframework.aop.framework.ReflectiveMethodInvocation.proceed(ReflectiveMethodInvocation.java:184) ~[spring-aop-6.1.5.jar:6.1.5]
	at org.springframework.aop.framework.CglibAopProxy$CglibMethodInvocation.proceed(CglibAopProxy.java:765) ~[spring-aop-6.1.5.jar:6.1.5]
	at org.springframework.aop.framework.CglibAopProxy$DynamicAdvisedInterceptor.intercept(CglibAopProxy.java:717) ~[spring-aop-6.1.5.jar:6.1.5]
	at it.uniupo.pissir.bitpub.matchservice.service.impl.MatchServiceImpl$$SpringCGLIB$$0.joinLobby(<generated>) ~[classes/:na]
	at it.uniupo.pissir.bitpub.matchservice.controller.MatchController.joinLobby(MatchController.java:75) ~[classes/:na]
	at java.base/jdk.internal.reflect.DirectMethodHandleAccessor.invoke(DirectMethodHandleAccessor.java:103) ~[na:na]
	at java.base/java.lang.reflect.Method.invoke(Method.java:580) ~[na:na]
	at org.springframework.web.method.support.InvocableHandlerMethod.doInvoke(InvocableHandlerMethod.java:255) ~[spring-web-6.1.5.jar:6.1.5]
	at org.springframework.web.method.support.InvocableHandlerMethod.invokeForRequest(InvocableHandlerMethod.java:188) ~[spring-web-6.1.5.jar:6.1.5]
	at org.springframework.web.servlet.mvc.method.annotation.ServletInvocableHandlerMethod.invokeAndHandle(ServletInvocableHandlerMethod.java:118) ~[spring-webmvc-6.1.5.jar:6.1.5]
	at org.springframework.web.servlet.mvc.method.annotation.RequestMappingHandlerAdapter.invokeHandlerMethod(RequestMappingHandlerAdapter.java:925) ~[spring-webmvc-6.1.5.jar:6.1.5]
	at org.springframework.web.servlet.mvc.method.annotation.RequestMappingHandlerAdapter.handleInternal(RequestMappingHandlerAdapter.java:830) ~[spring-webmvc-6.1.5.jar:6.1.5]
	at org.springframework.web.servlet.mvc.method.AbstractHandlerMethodAdapter.handle(AbstractHandlerMethodAdapter.java:87) ~[spring-webmvc-6.1.5.jar:6.1.5]
	at org.springframework.web.servlet.DispatcherServlet.doDispatch(DispatcherServlet.java:1089) ~[spring-webmvc-6.1.5.jar:6.1.5]
	at org.springframework.web.servlet.DispatcherServlet.doService(DispatcherServlet.java:979) ~[spring-webmvc-6.1.5.jar:6.1.5]
	at org.springframework.web.servlet.FrameworkServlet.processRequest(FrameworkServlet.java:1014) ~[spring-webmvc-6.1.5.jar:6.1.5]
	at org.springframework.web.servlet.FrameworkServlet.doPost(FrameworkServlet.java:914) ~[spring-webmvc-6.1.5.jar:6.1.5]
	at jakarta.servlet.http.HttpServlet.service(HttpServlet.java:590) ~[tomcat-embed-core-10.1.19.jar:6.0]
	at org.springframework.web.servlet.FrameworkServlet.service(FrameworkServlet.java:885) ~[spring-webmvc-6.1.5.jar:6.1.5]
	at jakarta.servlet.http.HttpServlet.service(HttpServlet.java:658) ~[tomcat-embed-core-10.1.19.jar:6.0]
	at org.apache.catalina.core.ApplicationFilterChain.internalDoFilter(ApplicationFilterChain.java:205) ~[tomcat-embed-core-10.1.19.jar:10.1.19]
	at org.apache.catalina.core.ApplicationFilterChain.doFilter(ApplicationFilterChain.java:149) ~[tomcat-embed-core-10.1.19.jar:10.1.19]
	at org.apache.tomcat.websocket.server.WsFilter.doFilter(WsFilter.java:51) ~[tomcat-embed-websocket-10.1.19.jar:10.1.19]
	at org.apache.catalina.core.ApplicationFilterChain.internalDoFilter(ApplicationFilterChain.java:174) ~[tomcat-embed-core-10.1.19.jar:10.1.19]
	at org.apache.catalina.core.ApplicationFilterChain.doFilter(ApplicationFilterChain.java:149) ~[tomcat-embed-core-10.1.19.jar:10.1.19]
	at org.springframework.web.filter.RequestContextFilter.doFilterInternal(RequestContextFilter.java:100) ~[spring-web-6.1.5.jar:6.1.5]
	at org.springframework.web.filter.OncePerRequestFilter.doFilter(OncePerRequestFilter.java:116) ~[spring-web-6.1.5.jar:6.1.5]
	at org.apache.catalina.core.ApplicationFilterChain.internalDoFilter(ApplicationFilterChain.java:174) ~[tomcat-embed-core-10.1.19.jar:10.1.19]
	at org.apache.catalina.core.ApplicationFilterChain.doFilter(ApplicationFilterChain.java:149) ~[tomcat-embed-core-10.1.19.jar:10.1.19]
	at org.springframework.web.filter.FormContentFilter.doFilterInternal(FormContentFilter.java:93) ~[spring-web-6.1.5.jar:6.1.5]
	at org.springframework.web.filter.OncePerRequestFilter.doFilter(OncePerRequestFilter.java:116) ~[spring-web-6.1.5.jar:6.1.5]
	at org.apache.catalina.core.ApplicationFilterChain.internalDoFilter(ApplicationFilterChain.java:174) ~[tomcat-embed-core-10.1.19.jar:10.1.19]
	at org.apache.catalina.core.ApplicationFilterChain.doFilter(ApplicationFilterChain.java:149) ~[tomcat-embed-core-10.1.19.jar:10.1.19]
	at org.springframework.web.filter.CharacterEncodingFilter.doFilterInternal(CharacterEncodingFilter.java:201) ~[spring-web-6.1.5.jar:6.1.5]
	at org.springframework.web.filter.OncePerRequestFilter.doFilter(OncePerRequestFilter.java:116) ~[spring-web-6.1.5.jar:6.1.5]
	at org.apache.catalina.core.ApplicationFilterChain.internalDoFilter(ApplicationFilterChain.java:174) ~[tomcat-embed-core-10.1.19.jar:10.1.19]
	at org.apache.catalina.core.ApplicationFilterChain.doFilter(ApplicationFilterChain.java:149) ~[tomcat-embed-core-10.1.19.jar:10.1.19]
	at org.apache.catalina.core.StandardWrapperValve.invoke(StandardWrapperValve.java:167) ~[tomcat-embed-core-10.1.19.jar:10.1.19]
	at org.apache.catalina.core.StandardContextValve.invoke(StandardContextValve.java:90) ~[tomcat-embed-core-10.1.19.jar:10.1.19]
	at org.apache.catalina.authenticator.AuthenticatorBase.invoke(AuthenticatorBase.java:482) ~[tomcat-embed-core-10.1.19.jar:10.1.19]
	at org.apache.catalina.core.StandardHostValve.invoke(StandardHostValve.java:115) ~[tomcat-embed-core-10.1.19.jar:10.1.19]
	at org.apache.catalina.valves.ErrorReportValve.invoke(ErrorReportValve.java:93) ~[tomcat-embed-core-10.1.19.jar:10.1.19]
	at org.apache.catalina.core.StandardEngineValve.invoke(StandardEngineValve.java:74) ~[tomcat-embed-core-10.1.19.jar:10.1.19]
	at org.apache.catalina.connector.CoyoteAdapter.service(CoyoteAdapter.java:344) ~[tomcat-embed-core-10.1.19.jar:10.1.19]
	at org.apache.coyote.http11.Http11Processor.service(Http11Processor.java:391) ~[tomcat-embed-core-10.1.19.jar:10.1.19]
	at org.apache.coyote.AbstractProcessorLight.process(AbstractProcessorLight.java:63) ~[tomcat-embed-core-10.1.19.jar:10.1.19]
	at org.apache.coyote.AbstractProtocol$ConnectionHandler.process(AbstractProtocol.java:896) ~[tomcat-embed-core-10.1.19.jar:10.1.19]
	at org.apache.tomcat.util.net.NioEndpoint$SocketProcessor.doRun(NioEndpoint.java:1744) ~[tomcat-embed-core-10.1.19.jar:10.1.19]
	at org.apache.tomcat.util.net.SocketProcessorBase.run(SocketProcessorBase.java:52) ~[tomcat-embed-core-10.1.19.jar:10.1.19]
	at org.apache.tomcat.util.threads.ThreadPoolExecutor.runWorker(ThreadPoolExecutor.java:1191) ~[tomcat-embed-core-10.1.19.jar:10.1.19]
	at org.apache.tomcat.util.threads.ThreadPoolExecutor$Worker.run(ThreadPoolExecutor.java:659) ~[tomcat-embed-core-10.1.19.jar:10.1.19]
	at org.apache.tomcat.util.threads.TaskThread$WrappingRunnable.run(TaskThread.java:63) ~[tomcat-embed-core-10.1.19.jar:10.1.19]
	at java.base/java.lang.Thread.run(Thread.java:1583) ~[na:na]
Caused by: org.springframework.messaging.MessagingException: Failed to connect
	at org.springframework.integration.mqtt.outbound.MqttPahoMessageHandler.checkConnection(MqttPahoMessageHandler.java:221) ~[spring-integration-mqtt-6.2.3.jar:6.2.3]
	at org.springframework.integration.mqtt.outbound.MqttPahoMessageHandler.publish(MqttPahoMessageHandler.java:235) ~[spring-integration-mqtt-6.2.3.jar:6.2.3]
	at org.springframework.integration.mqtt.outbound.AbstractMqttMessageHandler.handleMessageInternal(AbstractMqttMessageHandler.java:372) ~[spring-integration-mqtt-6.2.3.jar:6.2.3]
	at org.springframework.integration.handler.AbstractMessageHandler.doHandleMessage(AbstractMessageHandler.java:105) ~[spring-integration-core-6.2.3.jar:6.2.3]
	... 77 common frames omitted
Caused by: org.eclipse.paho.client.mqttv3.MqttException: Impossibile effettuare la connessione al server
	at org.eclipse.paho.client.mqttv3.internal.TCPNetworkModule.start(TCPNetworkModule.java:80) ~[org.eclipse.paho.client.mqttv3-1.2.5.jar:na]
	at org.eclipse.paho.client.mqttv3.internal.ClientComms$ConnectBG.run(ClientComms.java:724) ~[org.eclipse.paho.client.mqttv3-1.2.5.jar:na]
	... 1 common frames omitted
Caused by: java.net.ConnectException: Connection refused: getsockopt
	at java.base/sun.nio.ch.Net.pollConnect(Native Method) ~[na:na]
	at java.base/sun.nio.ch.Net.pollConnectNow(Net.java:690) ~[na:na]
	at java.base/sun.nio.ch.NioSocketImpl.timedFinishConnect(NioSocketImpl.java:542) ~[na:na]
	at java.base/sun.nio.ch.NioSocketImpl.connect(NioSocketImpl.java:592) ~[na:na]
	at java.base/java.net.SocksSocketImpl.connect(SocksSocketImpl.java:327) ~[na:na]
	at java.base/java.net.Socket.connect(Socket.java:751) ~[na:na]
	at org.eclipse.paho.client.mqttv3.internal.TCPNetworkModule.start(TCPNetworkModule.java:74) ~[org.eclipse.paho.client.mqttv3-1.2.5.jar:na]
	... 2 common frames omitted

2026-07-09T22:27:44.957+02:00 ERROR 23388 --- [match-service] [o-auto-1-exec-2] i.u.p.b.m.service.impl.MatchServiceImpl  : Failed to publish match sync for dd842f52-a3aa-4eb7-b12c-640d0fc34438

org.springframework.messaging.MessageHandlingException: error occurred in message handler [bean 'mqttOutbound'; defined in: 'class path resource [it/uniupo/pissir/bitpub/matchservice/config/MqttConfig.class]'; from source: 'it.uniupo.pissir.bitpub.matchservice.config.MqttConfig.mqttOutbound()']
	at org.springframework.integration.support.utils.IntegrationUtils.wrapInHandlingExceptionIfNecessary(IntegrationUtils.java:191) ~[spring-integration-core-6.2.3.jar:6.2.3]
	at org.springframework.integration.handler.AbstractMessageHandler.doHandleMessage(AbstractMessageHandler.java:108) ~[spring-integration-core-6.2.3.jar:6.2.3]
	at org.springframework.integration.handler.AbstractMessageHandler.handleMessage(AbstractMessageHandler.java:73) ~[spring-integration-core-6.2.3.jar:6.2.3]
	at org.springframework.integration.handler.ReplyProducingMessageHandlerWrapper.handleRequestMessage(ReplyProducingMessageHandlerWrapper.java:59) ~[spring-integration-core-6.2.3.jar:6.2.3]
	at org.springframework.integration.handler.AbstractReplyProducingMessageHandler.handleMessageInternal(AbstractReplyProducingMessageHandler.java:145) ~[spring-integration-core-6.2.3.jar:6.2.3]
	at org.springframework.integration.handler.AbstractMessageHandler.doHandleMessage(AbstractMessageHandler.java:105) ~[spring-integration-core-6.2.3.jar:6.2.3]
	at org.springframework.integration.handler.AbstractMessageHandler.handleMessage(AbstractMessageHandler.java:73) ~[spring-integration-core-6.2.3.jar:6.2.3]
	at org.springframework.integration.dispatcher.AbstractDispatcher.tryOptimizedDispatch(AbstractDispatcher.java:132) ~[spring-integration-core-6.2.3.jar:6.2.3]
	at org.springframework.integration.dispatcher.UnicastingDispatcher.doDispatch(UnicastingDispatcher.java:133) ~[spring-integration-core-6.2.3.jar:6.2.3]
	at org.springframework.integration.dispatcher.UnicastingDispatcher.dispatch(UnicastingDispatcher.java:106) ~[spring-integration-core-6.2.3.jar:6.2.3]
	at org.springframework.integration.channel.AbstractSubscribableChannel.doSend(AbstractSubscribableChannel.java:72) ~[spring-integration-core-6.2.3.jar:6.2.3]
	at org.springframework.integration.channel.AbstractMessageChannel.sendInternal(AbstractMessageChannel.java:378) ~[spring-integration-core-6.2.3.jar:6.2.3]
	at org.springframework.integration.channel.AbstractMessageChannel.send(AbstractMessageChannel.java:332) ~[spring-integration-core-6.2.3.jar:6.2.3]
	at org.springframework.integration.channel.AbstractMessageChannel.send(AbstractMessageChannel.java:302) ~[spring-integration-core-6.2.3.jar:6.2.3]
	at it.uniupo.pissir.bitpub.matchservice.service.impl.MatchServiceImpl.publishMatchSync(MatchServiceImpl.java:702) ~[classes/:na]
	at it.uniupo.pissir.bitpub.matchservice.service.impl.MatchServiceImpl.joinLobby(MatchServiceImpl.java:317) ~[classes/:na]
	at java.base/jdk.internal.reflect.DirectMethodHandleAccessor.invoke(DirectMethodHandleAccessor.java:103) ~[na:na]
	at java.base/java.lang.reflect.Method.invoke(Method.java:580) ~[na:na]
	at org.springframework.aop.support.AopUtils.invokeJoinpointUsingReflection(AopUtils.java:351) ~[spring-aop-6.1.5.jar:6.1.5]
	at org.springframework.aop.framework.ReflectiveMethodInvocation.invokeJoinpoint(ReflectiveMethodInvocation.java:196) ~[spring-aop-6.1.5.jar:6.1.5]
	at org.springframework.aop.framework.ReflectiveMethodInvocation.proceed(ReflectiveMethodInvocation.java:163) ~[spring-aop-6.1.5.jar:6.1.5]
	at org.springframework.aop.framework.CglibAopProxy$CglibMethodInvocation.proceed(CglibAopProxy.java:765) ~[spring-aop-6.1.5.jar:6.1.5]
	at org.springframework.transaction.interceptor.TransactionInterceptor$1.proceedWithInvocation(TransactionInterceptor.java:123) ~[spring-tx-6.1.5.jar:6.1.5]
	at org.springframework.transaction.interceptor.TransactionAspectSupport.invokeWithinTransaction(TransactionAspectSupport.java:392) ~[spring-tx-6.1.5.jar:6.1.5]
	at org.springframework.transaction.interceptor.TransactionInterceptor.invoke(TransactionInterceptor.java:119) ~[spring-tx-6.1.5.jar:6.1.5]
	at org.springframework.aop.framework.ReflectiveMethodInvocation.proceed(ReflectiveMethodInvocation.java:184) ~[spring-aop-6.1.5.jar:6.1.5]
	at org.springframework.aop.framework.CglibAopProxy$CglibMethodInvocation.proceed(CglibAopProxy.java:765) ~[spring-aop-6.1.5.jar:6.1.5]
	at org.springframework.aop.framework.CglibAopProxy$DynamicAdvisedInterceptor.intercept(CglibAopProxy.java:717) ~[spring-aop-6.1.5.jar:6.1.5]
	at it.uniupo.pissir.bitpub.matchservice.service.impl.MatchServiceImpl$$SpringCGLIB$$0.joinLobby(<generated>) ~[classes/:na]
	at it.uniupo.pissir.bitpub.matchservice.controller.MatchController.joinLobby(MatchController.java:75) ~[classes/:na]
	at java.base/jdk.internal.reflect.DirectMethodHandleAccessor.invoke(DirectMethodHandleAccessor.java:103) ~[na:na]
	at java.base/java.lang.reflect.Method.invoke(Method.java:580) ~[na:na]
	at org.springframework.web.method.support.InvocableHandlerMethod.doInvoke(InvocableHandlerMethod.java:255) ~[spring-web-6.1.5.jar:6.1.5]
	at org.springframework.web.method.support.InvocableHandlerMethod.invokeForRequest(InvocableHandlerMethod.java:188) ~[spring-web-6.1.5.jar:6.1.5]
	at org.springframework.web.servlet.mvc.method.annotation.ServletInvocableHandlerMethod.invokeAndHandle(ServletInvocableHandlerMethod.java:118) ~[spring-webmvc-6.1.5.jar:6.1.5]
	at org.springframework.web.servlet.mvc.method.annotation.RequestMappingHandlerAdapter.invokeHandlerMethod(RequestMappingHandlerAdapter.java:925) ~[spring-webmvc-6.1.5.jar:6.1.5]
	at org.springframework.web.servlet.mvc.method.annotation.RequestMappingHandlerAdapter.handleInternal(RequestMappingHandlerAdapter.java:830) ~[spring-webmvc-6.1.5.jar:6.1.5]
	at org.springframework.web.servlet.mvc.method.AbstractHandlerMethodAdapter.handle(AbstractHandlerMethodAdapter.java:87) ~[spring-webmvc-6.1.5.jar:6.1.5]
	at org.springframework.web.servlet.DispatcherServlet.doDispatch(DispatcherServlet.java:1089) ~[spring-webmvc-6.1.5.jar:6.1.5]
	at org.springframework.web.servlet.DispatcherServlet.doService(DispatcherServlet.java:979) ~[spring-webmvc-6.1.5.jar:6.1.5]
	at org.springframework.web.servlet.FrameworkServlet.processRequest(FrameworkServlet.java:1014) ~[spring-webmvc-6.1.5.jar:6.1.5]
	at org.springframework.web.servlet.FrameworkServlet.doPost(FrameworkServlet.java:914) ~[spring-webmvc-6.1.5.jar:6.1.5]
	at jakarta.servlet.http.HttpServlet.service(HttpServlet.java:590) ~[tomcat-embed-core-10.1.19.jar:6.0]
	at org.springframework.web.servlet.FrameworkServlet.service(FrameworkServlet.java:885) ~[spring-webmvc-6.1.5.jar:6.1.5]
	at jakarta.servlet.http.HttpServlet.service(HttpServlet.java:658) ~[tomcat-embed-core-10.1.19.jar:6.0]
	at org.apache.catalina.core.ApplicationFilterChain.internalDoFilter(ApplicationFilterChain.java:205) ~[tomcat-embed-core-10.1.19.jar:10.1.19]
	at org.apache.catalina.core.ApplicationFilterChain.doFilter(ApplicationFilterChain.java:149) ~[tomcat-embed-core-10.1.19.jar:10.1.19]
	at org.apache.tomcat.websocket.server.WsFilter.doFilter(WsFilter.java:51) ~[tomcat-embed-websocket-10.1.19.jar:10.1.19]
	at org.apache.catalina.core.ApplicationFilterChain.internalDoFilter(ApplicationFilterChain.java:174) ~[tomcat-embed-core-10.1.19.jar:10.1.19]
	at org.apache.catalina.core.ApplicationFilterChain.doFilter(ApplicationFilterChain.java:149) ~[tomcat-embed-core-10.1.19.jar:10.1.19]
	at org.springframework.web.filter.RequestContextFilter.doFilterInternal(RequestContextFilter.java:100) ~[spring-web-6.1.5.jar:6.1.5]
	at org.springframework.web.filter.OncePerRequestFilter.doFilter(OncePerRequestFilter.java:116) ~[spring-web-6.1.5.jar:6.1.5]
	at org.apache.catalina.core.ApplicationFilterChain.internalDoFilter(ApplicationFilterChain.java:174) ~[tomcat-embed-core-10.1.19.jar:10.1.19]
	at org.apache.catalina.core.ApplicationFilterChain.doFilter(ApplicationFilterChain.java:149) ~[tomcat-embed-core-10.1.19.jar:10.1.19]
	at org.springframework.web.filter.FormContentFilter.doFilterInternal(FormContentFilter.java:93) ~[spring-web-6.1.5.jar:6.1.5]
	at org.springframework.web.filter.OncePerRequestFilter.doFilter(OncePerRequestFilter.java:116) ~[spring-web-6.1.5.jar:6.1.5]
	at org.apache.catalina.core.ApplicationFilterChain.internalDoFilter(ApplicationFilterChain.java:174) ~[tomcat-embed-core-10.1.19.jar:10.1.19]
	at org.apache.catalina.core.ApplicationFilterChain.doFilter(ApplicationFilterChain.java:149) ~[tomcat-embed-core-10.1.19.jar:10.1.19]
	at org.springframework.web.filter.CharacterEncodingFilter.doFilterInternal(CharacterEncodingFilter.java:201) ~[spring-web-6.1.5.jar:6.1.5]
	at org.springframework.web.filter.OncePerRequestFilter.doFilter(OncePerRequestFilter.java:116) ~[spring-web-6.1.5.jar:6.1.5]
	at org.apache.catalina.core.ApplicationFilterChain.internalDoFilter(ApplicationFilterChain.java:174) ~[tomcat-embed-core-10.1.19.jar:10.1.19]
	at org.apache.catalina.core.ApplicationFilterChain.doFilter(ApplicationFilterChain.java:149) ~[tomcat-embed-core-10.1.19.jar:10.1.19]
	at org.apache.catalina.core.StandardWrapperValve.invoke(StandardWrapperValve.java:167) ~[tomcat-embed-core-10.1.19.jar:10.1.19]
	at org.apache.catalina.core.StandardContextValve.invoke(StandardContextValve.java:90) ~[tomcat-embed-core-10.1.19.jar:10.1.19]
	at org.apache.catalina.authenticator.AuthenticatorBase.invoke(AuthenticatorBase.java:482) ~[tomcat-embed-core-10.1.19.jar:10.1.19]
	at org.apache.catalina.core.StandardHostValve.invoke(StandardHostValve.java:115) ~[tomcat-embed-core-10.1.19.jar:10.1.19]
	at org.apache.catalina.valves.ErrorReportValve.invoke(ErrorReportValve.java:93) ~[tomcat-embed-core-10.1.19.jar:10.1.19]
	at org.apache.catalina.core.StandardEngineValve.invoke(StandardEngineValve.java:74) ~[tomcat-embed-core-10.1.19.jar:10.1.19]
	at org.apache.catalina.connector.CoyoteAdapter.service(CoyoteAdapter.java:344) ~[tomcat-embed-core-10.1.19.jar:10.1.19]
	at org.apache.coyote.http11.Http11Processor.service(Http11Processor.java:391) ~[tomcat-embed-core-10.1.19.jar:10.1.19]
	at org.apache.coyote.AbstractProcessorLight.process(AbstractProcessorLight.java:63) ~[tomcat-embed-core-10.1.19.jar:10.1.19]
	at org.apache.coyote.AbstractProtocol$ConnectionHandler.process(AbstractProtocol.java:896) ~[tomcat-embed-core-10.1.19.jar:10.1.19]
	at org.apache.tomcat.util.net.NioEndpoint$SocketProcessor.doRun(NioEndpoint.java:1744) ~[tomcat-embed-core-10.1.19.jar:10.1.19]
	at org.apache.tomcat.util.net.SocketProcessorBase.run(SocketProcessorBase.java:52) ~[tomcat-embed-core-10.1.19.jar:10.1.19]
	at org.apache.tomcat.util.threads.ThreadPoolExecutor.runWorker(ThreadPoolExecutor.java:1191) ~[tomcat-embed-core-10.1.19.jar:10.1.19]
	at org.apache.tomcat.util.threads.ThreadPoolExecutor$Worker.run(ThreadPoolExecutor.java:659) ~[tomcat-embed-core-10.1.19.jar:10.1.19]
	at org.apache.tomcat.util.threads.TaskThread$WrappingRunnable.run(TaskThread.java:63) ~[tomcat-embed-core-10.1.19.jar:10.1.19]
	at java.base/java.lang.Thread.run(Thread.java:1583) ~[na:na]
Caused by: org.springframework.messaging.MessagingException: Failed to connect
	at org.springframework.integration.mqtt.outbound.MqttPahoMessageHandler.checkConnection(MqttPahoMessageHandler.java:221) ~[spring-integration-mqtt-6.2.3.jar:6.2.3]
	at org.springframework.integration.mqtt.outbound.MqttPahoMessageHandler.publish(MqttPahoMessageHandler.java:235) ~[spring-integration-mqtt-6.2.3.jar:6.2.3]
	at org.springframework.integration.mqtt.outbound.AbstractMqttMessageHandler.handleMessageInternal(AbstractMqttMessageHandler.java:372) ~[spring-integration-mqtt-6.2.3.jar:6.2.3]
	at org.springframework.integration.handler.AbstractMessageHandler.doHandleMessage(AbstractMessageHandler.java:105) ~[spring-integration-core-6.2.3.jar:6.2.3]
	... 76 common frames omitted
Caused by: org.eclipse.paho.client.mqttv3.MqttException: Impossibile effettuare la connessione al server
	at org.eclipse.paho.client.mqttv3.internal.TCPNetworkModule.start(TCPNetworkModule.java:80) ~[org.eclipse.paho.client.mqttv3-1.2.5.jar:na]
	at org.eclipse.paho.client.mqttv3.internal.ClientComms$ConnectBG.run(ClientComms.java:724) ~[org.eclipse.paho.client.mqttv3-1.2.5.jar:na]
	... 1 common frames omitted
Caused by: java.net.ConnectException: Connection refused: getsockopt
	at java.base/sun.nio.ch.Net.pollConnect(Native Method) ~[na:na]
	at java.base/sun.nio.ch.Net.pollConnectNow(Net.java:690) ~[na:na]
	at java.base/sun.nio.ch.NioSocketImpl.timedFinishConnect(NioSocketImpl.java:542) ~[na:na]
	at java.base/sun.nio.ch.NioSocketImpl.connect(NioSocketImpl.java:592) ~[na:na]
	at java.base/java.net.SocksSocketImpl.connect(SocksSocketImpl.java:327) ~[na:na]
	at java.base/java.net.Socket.connect(Socket.java:751) ~[na:na]
	at org.eclipse.paho.client.mqttv3.internal.TCPNetworkModule.start(TCPNetworkModule.java:74) ~[org.eclipse.paho.client.mqttv3-1.2.5.jar:na]
	... 2 common frames omitted

2026-07-09T22:27:44.959+02:00  INFO 23388 --- [match-service] [o-auto-1-exec-2] i.u.p.b.m.service.impl.MatchServiceImpl  : Lobby dd842f52-a3aa-4eb7-b12c-640d0fc34438 STARTED: bob joined gameInstanceId gi-e2e-1
]]></system-out>
  </testcase>
</testsuite>