<?xml version="1.0" encoding="UTF-8"?>
<testsuite xmlns:xsi="http://www.w3.org/2001/XMLSchema-instance" xsi:noNamespaceSchemaLocation="https://maven.apache.org/surefire/maven-surefire-plugin/xsd/surefire-test-report.xsd" version="3.0.2" name="it.uniupo.pissir.bitpub.edge.EdgeMqttIntegrationTest" time="8.067" tests="1" errors="0" skipped="0" failures="0">
  <properties>
[...]
</properties>
  <testcase name="validSensorEventIsForwardedFromEdgeToCloud" classname="it.uniupo.pissir.bitpub.edge.EdgeMqttIntegrationTest" time="0.747">
    <system-out><![CDATA[21:49:52.648 [main] INFO org.springframework.test.context.support.AnnotationConfigContextLoaderUtils -- Could not detect default configuration classes for test class [it.uniupo.pissir.bitpub.edge.EdgeMqttIntegrationTest]: EdgeMqttIntegrationTest does not declare any static, non-private, non-final, nested classes annotated with @Configuration.
21:49:52.798 [main] INFO org.springframework.boot.test.context.SpringBootTestContextBootstrapper -- Found @SpringBootConfiguration it.uniupo.pissir.bitpub.edge.BitPubEdgeApplication for test class it.uniupo.pissir.bitpub.edge.EdgeMqttIntegrationTest
21:49:52.928 [main] INFO org.testcontainers.images.PullPolicy -- Image pull policy will be performed by: DefaultPullPolicy()
21:49:52.928 [main] INFO org.testcontainers.utility.ImageNameSubstitutor -- Image name substitution will be performed by: DefaultImageNameSubstitutor (composite of 'ConfigurationFileImageNameSubstitutor' and 'PrefixingImageNameSubstitutor')
21:49:53.417 [main] INFO org.testcontainers.dockerclient.DockerClientProviderStrategy -- Found Docker environment with Environment variables, system properties and defaults. Resolved dockerHost=tcp://localhost:2375
21:49:53.418 [main] INFO org.testcontainers.DockerClientFactory -- Docker host IP address is localhost
21:49:53.437 [main] INFO org.testcontainers.DockerClientFactory -- Connected to docker: 
  Server Version: 29.6.1
  API Version: 1.55
  Operating System: Docker Desktop
  Total Memory: 7874 MB
21:49:53.562 [main] INFO tc.testcontainers/ryuk:0.6.0 -- Creating container for image: testcontainers/ryuk:0.6.0
21:49:53.857 [main] INFO tc.testcontainers/ryuk:0.6.0 -- Container testcontainers/ryuk:0.6.0 is starting: f8b8c1583e75c317f1ce692f8f464aa1f05f5a43717bbcdc6601281919fbbc11
21:49:54.263 [main] INFO tc.testcontainers/ryuk:0.6.0 -- Container testcontainers/ryuk:0.6.0 started in PT0.7007086S
21:49:54.269 [main] INFO org.testcontainers.utility.RyukResourceReaper -- Ryuk started - will monitor and terminate Testcontainers containers on JVM exit
21:49:54.269 [main] INFO org.testcontainers.DockerClientFactory -- Checking the system...
21:49:54.270 [main] INFO org.testcontainers.DockerClientFactory -- ✔︎ Docker server version should be at least 1.6.0
21:49:54.271 [main] INFO tc.eclipse-mosquitto:2 -- Creating container for image: eclipse-mosquitto:2
21:49:54.610 [main] INFO tc.eclipse-mosquitto:2 -- Container eclipse-mosquitto:2 is starting: 45657a06931226dbca005ecf40032e94218b71f3a33d2b46448fabaaecb11426
21:49:54.991 [main] INFO tc.eclipse-mosquitto:2 -- Container eclipse-mosquitto:2 started in PT0.7205808S

  .   ____          _            __ _ _
 /\\ / ___'_ __ _ _(_)_ __  __ _ \ \ \ \
( ( )\___ | '_ | '_| | '_ \/ _` | \ \ \ \
 \\/  ___)| |_)| | | | | || (_| |  ) ) ) )
  '  |____| .__|_| |_|_| |_\__, | / / / /
 =========|_|==============|___/=/_/_/_/
 :: Spring Boot ::                (v3.2.4)

2026-07-09T21:49:55.306+02:00  INFO 2912 --- [bitpub-edge] [           main] i.u.p.b.edge.EdgeMqttIntegrationTest     : Starting EdgeMqttIntegrationTest using Java 21.0.11 with PID 2912 (started by DeaDS in C:\Users\DeaDS\Documents\Programming projects\BitPub\BitPub-Edge)
2026-07-09T21:49:55.308+02:00  INFO 2912 --- [bitpub-edge] [           main] i.u.p.b.edge.EdgeMqttIntegrationTest     : No active profile set, falling back to 1 default profile: "default"
2026-07-09T21:49:56.098+02:00  INFO 2912 --- [bitpub-edge] [           main] .s.d.r.c.RepositoryConfigurationDelegate : Bootstrapping Spring Data JPA repositories in DEFAULT mode.
2026-07-09T21:49:56.119+02:00  INFO 2912 --- [bitpub-edge] [           main] .s.d.r.c.RepositoryConfigurationDelegate : Finished Spring Data repository scanning in 14 ms. Found 0 JPA repository interfaces.
2026-07-09T21:49:56.219+02:00  INFO 2912 --- [bitpub-edge] [           main] faultConfiguringBeanFactoryPostProcessor : No bean named 'errorChannel' has been explicitly defined. Therefore, a default PublishSubscribeChannel will be created.
2026-07-09T21:49:56.229+02:00  INFO 2912 --- [bitpub-edge] [           main] faultConfiguringBeanFactoryPostProcessor : No bean named 'integrationHeaderChannelRegistry' has been explicitly defined. Therefore, a default DefaultHeaderChannelRegistry will be created.
2026-07-09T21:49:56.759+02:00  INFO 2912 --- [bitpub-edge] [           main] o.hibernate.jpa.internal.util.LogHelper  : HHH000204: Processing PersistenceUnitInfo [name: default]
2026-07-09T21:49:56.846+02:00  INFO 2912 --- [bitpub-edge] [           main] org.hibernate.Version                    : HHH000412: Hibernate ORM core version 6.4.4.Final
2026-07-09T21:49:56.891+02:00  INFO 2912 --- [bitpub-edge] [           main] o.h.c.internal.RegionFactoryInitiator    : HHH000026: Second-level cache disabled
2026-07-09T21:49:57.002+02:00  INFO 2912 --- [bitpub-edge] [           main] o.s.o.j.p.SpringPersistenceUnitInfo      : No LoadTimeWeaver setup: ignoring JPA class transformer
2026-07-09T21:49:57.027+02:00  INFO 2912 --- [bitpub-edge] [           main] com.zaxxer.hikari.HikariDataSource       : HikariPool-1 - Starting...
2026-07-09T21:49:57.255+02:00  INFO 2912 --- [bitpub-edge] [           main] com.zaxxer.hikari.pool.HikariPool        : HikariPool-1 - Added connection conn0: url=jdbc:h2:file:./data/edge-db user=SA
2026-07-09T21:49:57.257+02:00  INFO 2912 --- [bitpub-edge] [           main] com.zaxxer.hikari.HikariDataSource       : HikariPool-1 - Start completed.
2026-07-09T21:49:57.278+02:00  WARN 2912 --- [bitpub-edge] [           main] org.hibernate.orm.deprecation            : HHH90000025: H2Dialect does not need to be specified explicitly using 'hibernate.dialect' (remove the property setting and it will be selected by default)
2026-07-09T21:49:57.569+02:00  INFO 2912 --- [bitpub-edge] [           main] o.h.e.t.j.p.i.JtaPlatformInitiator       : HHH000489: No JTA platform available (set 'hibernate.transaction.jta.platform' to enable JTA platform integration)
2026-07-09T21:49:57.574+02:00  INFO 2912 --- [bitpub-edge] [           main] j.LocalContainerEntityManagerFactoryBean : Initialized JPA EntityManagerFactory for persistence unit 'default'
2026-07-09T21:49:58.786+02:00  INFO 2912 --- [bitpub-edge] [           main] o.s.i.endpoint.EventDrivenConsumer       : Adding {logging-channel-adapter:_org.springframework.integration.errorLogger} as a subscriber to the 'errorChannel' channel
2026-07-09T21:49:58.786+02:00  INFO 2912 --- [bitpub-edge] [           main] o.s.i.channel.PublishSubscribeChannel    : Channel 'bitpub-edge.errorChannel' has 1 subscriber(s).
2026-07-09T21:49:58.787+02:00  INFO 2912 --- [bitpub-edge] [           main] o.s.i.endpoint.EventDrivenConsumer       : started bean '_org.springframework.integration.errorLogger'
2026-07-09T21:49:58.788+02:00  INFO 2912 --- [bitpub-edge] [           main] o.s.i.endpoint.EventDrivenConsumer       : Adding {message-handler:cloudMqttOutbound.serviceActivator} as a subscriber to the 'cloudMqttOutboundChannel' channel
2026-07-09T21:49:58.788+02:00  INFO 2912 --- [bitpub-edge] [           main] o.s.integration.channel.DirectChannel    : Channel 'bitpub-edge.cloudMqttOutboundChannel' has 1 subscriber(s).
2026-07-09T21:49:58.788+02:00  INFO 2912 --- [bitpub-edge] [           main] o.s.i.endpoint.EventDrivenConsumer       : started bean 'cloudMqttOutbound.serviceActivator'
2026-07-09T21:49:58.788+02:00  INFO 2912 --- [bitpub-edge] [           main] o.s.i.endpoint.EventDrivenConsumer       : Adding {service-activator:eventForwardingService.handleMqttMessage.serviceActivator} as a subscriber to the 'mqttInputChannel' channel
2026-07-09T21:49:58.788+02:00  INFO 2912 --- [bitpub-edge] [           main] o.s.integration.channel.DirectChannel    : Channel 'bitpub-edge.mqttInputChannel' has 1 subscriber(s).
2026-07-09T21:49:58.788+02:00  INFO 2912 --- [bitpub-edge] [           main] o.s.i.endpoint.EventDrivenConsumer       : started bean 'eventForwardingService.handleMqttMessage.serviceActivator'
2026-07-09T21:49:58.788+02:00  INFO 2912 --- [bitpub-edge] [           main] o.s.i.endpoint.EventDrivenConsumer       : Adding {service-activator:gameManagementService.handleGameEvent.serviceActivator} as a subscriber to the 'cloudGamesInputChannel' channel
2026-07-09T21:49:58.788+02:00  INFO 2912 --- [bitpub-edge] [           main] o.s.integration.channel.DirectChannel    : Channel 'bitpub-edge.cloudGamesInputChannel' has 1 subscriber(s).
2026-07-09T21:49:58.788+02:00  INFO 2912 --- [bitpub-edge] [           main] o.s.i.endpoint.EventDrivenConsumer       : started bean 'gameManagementService.handleGameEvent.serviceActivator'
2026-07-09T21:49:59.147+02:00  INFO 2912 --- [bitpub-edge] [           main] .m.i.MqttPahoMessageDrivenChannelAdapter : started bean 'inbound'; defined in: 'class path resource [it/uniupo/pissir/bitpub/edge/configuration/MqttLocalConfig.class]'; from source: 'it.uniupo.pissir.bitpub.edge.configuration.MqttLocalConfig.inbound()'
2026-07-09T21:49:59.476+02:00  INFO 2912 --- [bitpub-edge] [           main] .m.i.MqttPahoMessageDrivenChannelAdapter : started bean 'gamesInbound'; defined in: 'class path resource [it/uniupo/pissir/bitpub/edge/configuration/MqttLocalConfig.class]'; from source: 'it.uniupo.pissir.bitpub.edge.configuration.MqttLocalConfig.gamesInbound()'
2026-07-09T21:49:59.496+02:00  INFO 2912 --- [bitpub-edge] [           main] i.u.p.b.edge.EdgeMqttIntegrationTest     : Started EdgeMqttIntegrationTest in 4.463 seconds (process running for 9.413)
2026-07-09T21:49:59.872+02:00  INFO 2912 --- [bitpub-edge] [05-fa8824d59012] i.u.p.b.e.s.EventForwardingService       : Received MQTT message on Edge: {"gameInstanceId":"gi-ad6792ff-4f4c-4616-9ee8-412b66d9acf4","eventId":"11ef2473-f9b4-4921-880a-d2bd3f0af788","sensorType":"GOAL"}
2026-07-09T21:50:00.243+02:00  INFO 2912 --- [bitpub-edge] [05-fa8824d59012] i.u.p.b.e.s.EventForwardingService       : Event 11ef2473-f9b4-4921-880a-d2bd3f0af788 forwarded to Cloud via MQTT topic bitpub/cloud/sensors/gi-ad6792ff-4f4c-4616-9ee8-412b66d9acf4/event
]]></system-out>
  </testcase>
</testsuite>